wandb: Currently logged in as: jaivdoshi. Use `wandb login --relogin` to force relogin
wandb: wandb version 0.16.0 is available!  To upgrade, please run:
wandb:  $ pip install wandb --upgrade
wandb: Tracking run with wandb version 0.15.12
wandb: Run data is saved locally in /home/jaiv/modified_dqn_pong/wandb/run-20231115_110256-9mhhqqki
wandb: Run `wandb offline` to turn off syncing.
wandb: Syncing run BLOCKER_HA_LOSS
wandb: ⭐️ View project at https://wandb.ai/jaivdoshi/modified_hirl
wandb: 🚀 View run at https://wandb.ai/jaivdoshi/modified_hirl/runs/9mhhqqki
A.L.E: Arcade Learning Environment (version 0.8.1+53f58b7)
[Powered by Stella]
877 0 rew:-2319 mean_rew:nan fps:773, eps:0.99, loss:nan catastrophes:23
1681 1 rew:-3820 mean_rew:-2319.00 fps:740, eps:0.98, loss:nan catastrophes:38
2546 2 rew:-4718 mean_rew:-3069.50 fps:734, eps:0.97, loss:nan catastrophes:47
3653 3 rew:-3818 mean_rew:-3619.00 fps:782, eps:0.96, loss:nan catastrophes:38
4706 4 rew:-4717 mean_rew:-3668.75 fps:770, eps:0.95, loss:nan catastrophes:47
5560 5 rew:-6218 mean_rew:-3878.40 fps:688, eps:0.94, loss:nan catastrophes:62
6461 6 rew:-5520 mean_rew:-4268.33 fps:738, eps:0.94, loss:nan catastrophes:55
7350 7 rew:-3721 mean_rew:-4447.14 fps:715, eps:0.93, loss:nan catastrophes:37
8077 8 rew:-8718 mean_rew:-4356.38 fps:687, eps:0.92, loss:nan catastrophes:87
9017 9 rew:-9714 mean_rew:-4841.00 fps:685, eps:0.91, loss:nan catastrophes:97
9826 10 rew:-7513 mean_rew:-5328.30 fps:695, eps:0.90, loss:nan catastrophes:75
10697 11 rew:-3719 mean_rew:-5526.91 fps:87, eps:0.89, loss:1013.9664 catastrophes:37
11486 12 rew:-3220 mean_rew:-5376.25 fps:69, eps:0.89, loss:680.7978 catastrophes:32
12230 13 rew:-1820 mean_rew:-5210.38 fps:69, eps:0.88, loss:629.1486 catastrophes:18
13278 14 rew:-2217 mean_rew:-4968.21 fps:71, eps:0.87, loss:474.8600 catastrophes:22
14074 15 rew:-2821 mean_rew:-4784.80 fps:73, eps:0.86, loss:413.0963 catastrophes:28
14917 16 rew:-2721 mean_rew:-4662.06 fps:69, eps:0.85, loss:381.4909 catastrophes:27
15669 17 rew:-1221 mean_rew:-4547.88 fps:75, eps:0.84, loss:337.1813 catastrophes:12
16703 18 rew:-2618 mean_rew:-4363.06 fps:70, eps:0.83, loss:319.9826 catastrophes:26
17514 19 rew:-1121 mean_rew:-4271.21 fps:70, eps:0.82, loss:280.6805 catastrophes:11
18479 20 rew:-3718 mean_rew:-4113.70 fps:71, eps:0.82, loss:251.1924 catastrophes:37
19395 21 rew:-2120 mean_rew:-4094.86 fps:74, eps:0.81, loss:241.9254 catastrophes:21
20305 22 rew:-3020 mean_rew:-4005.09 fps:70, eps:0.80, loss:231.4453 catastrophes:30
21248 23 rew:-2721 mean_rew:-3962.26 fps:69, eps:0.79, loss:213.9816 catastrophes:27
22067 24 rew:-2019 mean_rew:-3910.54 fps:69, eps:0.78, loss:201.1647 catastrophes:20
22827 25 rew:-2919 mean_rew:-3834.88 fps:72, eps:0.77, loss:192.6997 catastrophes:29
23697 26 rew:-3018 mean_rew:-3799.65 fps:70, eps:0.76, loss:186.9302 catastrophes:30
24509 27 rew:-2720 mean_rew:-3770.70 fps:74, eps:0.75, loss:178.6207 catastrophes:27
25521 28 rew:-3818 mean_rew:-3733.18 fps:72, eps:0.74, loss:168.2228 catastrophes:38
26344 29 rew:-3918 mean_rew:-3736.10 fps:72, eps:0.74, loss:160.5938 catastrophes:39
27238 30 rew:-4517 mean_rew:-3742.17 fps:71, eps:0.73, loss:160.4211 catastrophes:45
28092 31 rew:-2521 mean_rew:-3767.16 fps:71, eps:0.72, loss:154.8813 catastrophes:25
29105 32 rew:-3319 mean_rew:-3728.22 fps:72, eps:0.71, loss:149.3991 catastrophes:33
30005 33 rew:-3019 mean_rew:-3715.82 fps:70, eps:0.70, loss:142.0343 catastrophes:30
30897 34 rew:-1621 mean_rew:-3695.32 fps:71, eps:0.69, loss:150.1627 catastrophes:16
31818 35 rew:-2219 mean_rew:-3636.06 fps:71, eps:0.68, loss:136.8788 catastrophes:22
32874 36 rew:-2920 mean_rew:-3596.69 fps:71, eps:0.67, loss:133.1103 catastrophes:29
33781 37 rew:-3816 mean_rew:-3578.41 fps:73, eps:0.66, loss:137.0085 catastrophes:38
34542 38 rew:-2820 mean_rew:-3584.66 fps:71, eps:0.65, loss:142.6413 catastrophes:28
35335 39 rew:-2719 mean_rew:-3565.05 fps:71, eps:0.65, loss:147.5834 catastrophes:27
36263 40 rew:-2520 mean_rew:-3543.90 fps:71, eps:0.64, loss:148.4107 catastrophes:25
37091 41 rew:-2321 mean_rew:-3548.93 fps:71, eps:0.63, loss:133.5128 catastrophes:23
37967 42 rew:-2519 mean_rew:-3511.45 fps:70, eps:0.62, loss:130.5905 catastrophes:25
38900 43 rew:-2620 mean_rew:-3456.47 fps:72, eps:0.61, loss:126.3478 catastrophes:26
39860 44 rew:-2117 mean_rew:-3426.53 fps:72, eps:0.60, loss:122.0318 catastrophes:21
40772 45 rew:-2318 mean_rew:-3361.53 fps:72, eps:0.59, loss:116.1307 catastrophes:23
41841 46 rew:-3019 mean_rew:-3264.03 fps:71, eps:0.58, loss:109.7406 catastrophes:30
42806 47 rew:-2518 mean_rew:-3201.50 fps:73, eps:0.57, loss:103.5326 catastrophes:25
43789 48 rew:-3920 mean_rew:-3171.43 fps:71, eps:0.56, loss:102.9279 catastrophes:39
44658 49 rew:-1320 mean_rew:-3051.47 fps:71, eps:0.55, loss:103.0512 catastrophes:13
45680 50 rew:-2420 mean_rew:-2841.62 fps:70, eps:0.54, loss:91.7396 catastrophes:24
46433 51 rew:-1120 mean_rew:-2714.30 fps:70, eps:0.54, loss:92.9169 catastrophes:11
47205 52 rew:-2020 mean_rew:-2649.32 fps:74, eps:0.53, loss:93.5955 catastrophes:20
48054 53 rew:-2120 mean_rew:-2619.32 fps:71, eps:0.52, loss:93.0270 catastrophes:21
49028 54 rew:-1619 mean_rew:-2626.82 fps:70, eps:0.51, loss:91.7618 catastrophes:16
49831 55 rew:-1920 mean_rew:-2611.88 fps:73, eps:0.50, loss:86.0061 catastrophes:19
50607 56 rew:-1421 mean_rew:-2589.35 fps:70, eps:0.49, loss:85.2670 catastrophes:14
51579 57 rew:-1919 mean_rew:-2556.85 fps:71, eps:0.48, loss:88.1820 catastrophes:19
52458 58 rew:-1719 mean_rew:-2574.30 fps:71, eps:0.48, loss:77.5882 catastrophes:17
53284 59 rew:-2321 mean_rew:-2551.82 fps:70, eps:0.47, loss:85.3831 catastrophes:23
54087 60 rew:-2021 mean_rew:-2581.82 fps:72, eps:0.46, loss:82.4710 catastrophes:20
55008 61 rew:-1421 mean_rew:-2539.40 fps:72, eps:0.45, loss:79.8082 catastrophes:14
55757 62 rew:-1320 mean_rew:-2521.93 fps:71, eps:0.44, loss:70.7979 catastrophes:13
56507 63 rew:-1320 mean_rew:-2479.43 fps:70, eps:0.43, loss:71.7873 catastrophes:13
57249 64 rew:-2020 mean_rew:-2444.40 fps:69, eps:0.43, loss:67.5728 catastrophes:20
58170 65 rew:-1520 mean_rew:-2444.43 fps:69, eps:0.42, loss:76.8994 catastrophes:15
58983 66 rew:-621 mean_rew:-2409.45 fps:67, eps:0.41, loss:66.4286 catastrophes:6
59741 67 rew:-420 mean_rew:-2349.53 fps:69, eps:0.40, loss:65.2244 catastrophes:4
60493 68 rew:-820 mean_rew:-2292.03 fps:69, eps:0.40, loss:58.9347 catastrophes:8
61267 69 rew:-1621 mean_rew:-2217.07 fps:71, eps:0.39, loss:67.5166 catastrophes:16
62047 70 rew:-1021 mean_rew:-2159.65 fps:70, eps:0.38, loss:63.9642 catastrophes:10
62806 71 rew:-321 mean_rew:-2072.25 fps:69, eps:0.37, loss:62.6941 catastrophes:3
63633 72 rew:-820 mean_rew:-2017.25 fps:68, eps:0.36, loss:56.7109 catastrophes:8
64415 73 rew:-821 mean_rew:-1954.78 fps:69, eps:0.36, loss:59.2092 catastrophes:8
65233 74 rew:-720 mean_rew:-1899.83 fps:70, eps:0.35, loss:51.4042 catastrophes:7
65980 75 rew:-1421 mean_rew:-1877.30 fps:70, eps:0.34, loss:53.9603 catastrophes:14
66872 76 rew:-721 mean_rew:-1857.35 fps:70, eps:0.33, loss:58.9100 catastrophes:7
67643 77 rew:-921 mean_rew:-1802.38 fps:69, eps:0.32, loss:51.0045 catastrophes:9
68573 78 rew:-518 mean_rew:-1730.00 fps:68, eps:0.31, loss:50.4652 catastrophes:5
69382 79 rew:-1319 mean_rew:-1672.45 fps:69, eps:0.31, loss:51.3985 catastrophes:13
70356 80 rew:-420 mean_rew:-1637.45 fps:72, eps:0.30, loss:46.7025 catastrophes:4
71186 81 rew:-1019 mean_rew:-1584.95 fps:70, eps:0.29, loss:43.6612 catastrophes:10
72000 82 rew:-821 mean_rew:-1552.40 fps:70, eps:0.28, loss:45.4688 catastrophes:8
73067 83 rew:-1120 mean_rew:-1509.95 fps:69, eps:0.27, loss:43.3356 catastrophes:11
73823 84 rew:-620 mean_rew:-1472.45 fps:68, eps:0.26, loss:40.8783 catastrophes:6
74632 85 rew:-1321 mean_rew:-1435.03 fps:69, eps:0.25, loss:41.1407 catastrophes:13
75445 86 rew:-820 mean_rew:-1410.10 fps:70, eps:0.25, loss:37.5034 catastrophes:8
76262 87 rew:-521 mean_rew:-1355.12 fps:70, eps:0.24, loss:36.7689 catastrophes:5
77021 88 rew:-319 mean_rew:-1305.20 fps:69, eps:0.23, loss:39.7305 catastrophes:3
77777 89 rew:-621 mean_rew:-1215.17 fps:72, eps:0.22, loss:33.8834 catastrophes:6
78533 90 rew:-621 mean_rew:-1197.70 fps:68, eps:0.21, loss:29.4691 catastrophes:6
79291 91 rew:-421 mean_rew:-1152.72 fps:71, eps:0.21, loss:30.7389 catastrophes:4
80068 92 rew:-1121 mean_rew:-1135.25 fps:69, eps:0.20, loss:32.3034 catastrophes:11
80827 93 rew:-321 mean_rew:-1112.78 fps:72, eps:0.19, loss:31.7679 catastrophes:3
81751 94 rew:-1319 mean_rew:-1067.80 fps:69, eps:0.18, loss:29.1756 catastrophes:13
82768 95 rew:-518 mean_rew:-1060.30 fps:70, eps:0.17, loss:32.2523 catastrophes:5
83554 96 rew:-420 mean_rew:-1025.25 fps:69, eps:0.16, loss:31.1310 catastrophes:4
84342 97 rew:-821 mean_rew:-1000.23 fps:71, eps:0.16, loss:28.7719 catastrophes:8
85128 98 rew:-421 mean_rew:-972.77 fps:69, eps:0.15, loss:35.3506 catastrophes:4
86031 99 rew:-920 mean_rew:-940.33 fps:69, eps:0.14, loss:28.0102 catastrophes:9
86896 100 rew:-320 mean_rew:-905.30 fps:68, eps:0.13, loss:28.4909 catastrophes:3
87686 101 rew:-121 mean_rew:-862.77 fps:68, eps:0.12, loss:25.7996 catastrophes:1
88473 102 rew:-321 mean_rew:-830.27 fps:68, eps:0.12, loss:22.5462 catastrophes:3
89232 103 rew:-321 mean_rew:-805.30 fps:69, eps:0.11, loss:20.4099 catastrophes:3
89994 104 rew:-21 mean_rew:-780.33 fps:68, eps:0.10, loss:20.8606 catastrophes:0
90826 105 rew:-320 mean_rew:-730.35 fps:69, eps:0.09, loss:21.0429 catastrophes:3
91585 106 rew:-321 mean_rew:-700.35 fps:70, eps:0.08, loss:20.6447 catastrophes:3
92559 107 rew:-219 mean_rew:-692.85 fps:68, eps:0.07, loss:17.9139 catastrophes:2
93321 108 rew:-21 mean_rew:-687.83 fps:67, eps:0.07, loss:15.4438 catastrophes:0
94326 109 rew:-119 mean_rew:-667.85 fps:71, eps:0.06, loss:13.7329 catastrophes:1
95088 110 rew:-21 mean_rew:-630.30 fps:69, eps:0.05, loss:12.8867 catastrophes:0
95849 111 rew:-121 mean_rew:-605.30 fps:68, eps:0.04, loss:12.1024 catastrophes:1
96689 112 rew:-20 mean_rew:-600.30 fps:68, eps:0.03, loss:9.6086 catastrophes:0
97451 113 rew:-21 mean_rew:-580.30 fps:67, eps:0.03, loss:9.5013 catastrophes:0
98213 114 rew:-21 mean_rew:-560.30 fps:67, eps:0.02, loss:8.1618 catastrophes:0
98975 115 rew:-21 mean_rew:-542.83 fps:71, eps:0.02, loss:6.5127 catastrophes:0
99735 116 rew:-221 mean_rew:-507.82 fps:69, eps:0.02, loss:6.9789 catastrophes:2
100526 117 rew:-21 mean_rew:-495.32 fps:71, eps:0.02, loss:5.0093 catastrophes:0
101423 118 rew:-20 mean_rew:-472.82 fps:69, eps:0.02, loss:5.8835 catastrophes:0
102185 119 rew:-21 mean_rew:-460.38 fps:67, eps:0.02, loss:4.9239 catastrophes:0
102945 120 rew:-221 mean_rew:-427.93 fps:67, eps:0.02, loss:7.4577 catastrophes:2
103706 121 rew:-121 mean_rew:-422.95 fps:69, eps:0.02, loss:7.3324 catastrophes:1
104496 122 rew:-21 mean_rew:-400.50 fps:69, eps:0.02, loss:6.1168 catastrophes:0
105258 123 rew:-21 mean_rew:-380.50 fps:69, eps:0.02, loss:4.6610 catastrophes:0
106020 124 rew:-21 mean_rew:-353.02 fps:67, eps:0.02, loss:3.9509 catastrophes:0
106967 125 rew:-19 mean_rew:-338.05 fps:67, eps:0.02, loss:4.6666 catastrophes:0
107805 126 rew:-21 mean_rew:-305.50 fps:68, eps:0.02, loss:2.7681 catastrophes:0
108567 127 rew:-21 mean_rew:-285.52 fps:67, eps:0.02, loss:3.5055 catastrophes:0
109468 128 rew:-20 mean_rew:-273.02 fps:68, eps:0.02, loss:2.2854 catastrophes:0
110230 129 rew:-21 mean_rew:-265.55 fps:71, eps:0.02, loss:2.6227 catastrophes:0
110992 130 rew:-21 mean_rew:-250.55 fps:66, eps:0.02, loss:1.7963 catastrophes:0
111782 131 rew:-21 mean_rew:-235.55 fps:67, eps:0.02, loss:2.5025 catastrophes:0
112544 132 rew:-21 mean_rew:-225.55 fps:70, eps:0.02, loss:2.2771 catastrophes:0
113366 133 rew:-21 mean_rew:-198.05 fps:68, eps:0.02, loss:1.4248 catastrophes:0
114156 134 rew:-21 mean_rew:-190.55 fps:69, eps:0.02, loss:1.6389 catastrophes:0
114917 135 rew:-121 mean_rew:-158.10 fps:68, eps:0.02, loss:2.0859 catastrophes:1
115679 136 rew:-21 mean_rew:-148.18 fps:67, eps:0.02, loss:1.2596 catastrophes:0
116441 137 rew:-21 mean_rew:-138.20 fps:67, eps:0.02, loss:2.1480 catastrophes:0
117308 138 rew:-120 mean_rew:-118.20 fps:71, eps:0.02, loss:1.6113 catastrophes:1
118209 139 rew:-20 mean_rew:-110.67 fps:69, eps:0.02, loss:1.8692 catastrophes:0
119104 140 rew:-220 mean_rew:-88.17 fps:69, eps:0.02, loss:2.8451 catastrophes:2
119894 141 rew:-21 mean_rew:-85.67 fps:71, eps:0.02, loss:2.4368 catastrophes:0
120753 142 rew:-20 mean_rew:-83.17 fps:67, eps:0.02, loss:2.5182 catastrophes:0
121685 143 rew:-120 mean_rew:-75.65 fps:68, eps:0.02, loss:2.2566 catastrophes:1
122447 144 rew:-21 mean_rew:-70.62 fps:68, eps:0.02, loss:1.9464 catastrophes:0
123207 145 rew:-221 mean_rew:-70.62 fps:68, eps:0.02, loss:3.2308 catastrophes:2
124046 146 rew:-120 mean_rew:-68.15 fps:67, eps:0.02, loss:3.1145 catastrophes:1
124915 147 rew:-20 mean_rew:-63.12 fps:69, eps:0.02, loss:3.3123 catastrophes:0
125785 148 rew:-21 mean_rew:-58.15 fps:68, eps:0.02, loss:2.5715 catastrophes:0
126544 149 rew:-320 mean_rew:-58.15 fps:67, eps:0.02, loss:6.3400 catastrophes:3
127306 150 rew:-21 mean_rew:-63.17 fps:71, eps:0.02, loss:5.2020 catastrophes:0
128401 151 rew:-19 mean_rew:-63.17 fps:68, eps:0.02, loss:3.8280 catastrophes:0
129485 152 rew:-219 mean_rew:-60.62 fps:66, eps:0.02, loss:3.6599 catastrophes:2
130247 153 rew:-21 mean_rew:-65.60 fps:67, eps:0.02, loss:3.7508 catastrophes:0
131009 154 rew:-21 mean_rew:-65.60 fps:64, eps:0.02, loss:2.8394 catastrophes:0
131771 155 rew:-21 mean_rew:-65.60 fps:68, eps:0.02, loss:1.6164 catastrophes:0
132744 156 rew:-120 mean_rew:-65.60 fps:69, eps:0.02, loss:2.8650 catastrophes:1
133506 157 rew:-21 mean_rew:-63.08 fps:71, eps:0.02, loss:2.8002 catastrophes:0
134268 158 rew:-21 mean_rew:-63.08 fps:67, eps:0.02, loss:1.5769 catastrophes:0
135134 159 rew:-220 mean_rew:-63.10 fps:68, eps:0.02, loss:2.5451 catastrophes:2
135971 160 rew:-121 mean_rew:-68.08 fps:67, eps:0.02, loss:3.7797 catastrophes:1
136733 161 rew:-21 mean_rew:-65.58 fps:69, eps:0.02, loss:2.8378 catastrophes:0
137495 162 rew:-21 mean_rew:-63.08 fps:67, eps:0.02, loss:2.3029 catastrophes:0
138257 163 rew:-21 mean_rew:-63.08 fps:71, eps:0.02, loss:2.7986 catastrophes:0
139161 164 rew:-120 mean_rew:-63.08 fps:67, eps:0.02, loss:1.9785 catastrophes:1
140077 165 rew:-121 mean_rew:-65.55 fps:69, eps:0.02, loss:3.9086 catastrophes:1
140838 166 rew:-221 mean_rew:-68.10 fps:66, eps:0.02, loss:2.4759 catastrophes:2
141600 167 rew:-21 mean_rew:-73.10 fps:68, eps:0.02, loss:4.1542 catastrophes:0
142362 168 rew:-21 mean_rew:-73.10 fps:68, eps:0.02, loss:5.3040 catastrophes:0
143124 169 rew:-21 mean_rew:-73.12 fps:67, eps:0.02, loss:3.2940 catastrophes:0
143886 170 rew:-21 mean_rew:-73.12 fps:70, eps:0.02, loss:2.5451 catastrophes:0
144648 171 rew:-21 mean_rew:-73.12 fps:66, eps:0.02, loss:2.0397 catastrophes:0
145410 172 rew:-21 mean_rew:-73.12 fps:66, eps:0.02, loss:1.2209 catastrophes:0
146172 173 rew:-21 mean_rew:-73.12 fps:70, eps:0.02, loss:2.0897 catastrophes:0
146933 174 rew:-121 mean_rew:-73.12 fps:71, eps:0.02, loss:3.4594 catastrophes:1
147695 175 rew:-121 mean_rew:-75.62 fps:68, eps:0.02, loss:3.3321 catastrophes:1
148457 176 rew:-21 mean_rew:-75.62 fps:66, eps:0.02, loss:2.0616 catastrophes:0
149219 177 rew:-21 mean_rew:-75.62 fps:67, eps:0.02, loss:3.8801 catastrophes:0
150037 178 rew:-21 mean_rew:-75.62 fps:67, eps:0.02, loss:1.1913 catastrophes:0
150799 179 rew:-21 mean_rew:-73.15 fps:70, eps:0.02, loss:1.3413 catastrophes:0
151679 180 rew:-21 mean_rew:-73.17 fps:71, eps:0.02, loss:1.7335 catastrophes:0
152441 181 rew:-21 mean_rew:-68.20 fps:67, eps:0.02, loss:0.7117 catastrophes:0
153203 182 rew:-21 mean_rew:-68.20 fps:70, eps:0.02, loss:0.7187 catastrophes:0
154072 183 rew:-20 mean_rew:-68.22 fps:67, eps:0.02, loss:1.1942 catastrophes:0
154834 184 rew:-21 mean_rew:-65.72 fps:68, eps:0.02, loss:0.6434 catastrophes:0
155596 185 rew:-21 mean_rew:-65.72 fps:67, eps:0.02, loss:0.0333 catastrophes:0
156358 186 rew:-21 mean_rew:-60.73 fps:67, eps:0.02, loss:0.3007 catastrophes:0
157208 187 rew:-21 mean_rew:-58.25 fps:68, eps:0.02, loss:0.2818 catastrophes:0
158079 188 rew:-21 mean_rew:-58.27 fps:68, eps:0.02, loss:0.1248 catastrophes:0
158841 189 rew:-21 mean_rew:-58.27 fps:69, eps:0.02, loss:-0.0269 catastrophes:0
159708 190 rew:-120 mean_rew:-50.80 fps:68, eps:0.02, loss:0.7177 catastrophes:1
160470 191 rew:-21 mean_rew:-53.27 fps:68, eps:0.02, loss:2.1303 catastrophes:0
161232 192 rew:-21 mean_rew:-53.33 fps:67, eps:0.02, loss:0.6194 catastrophes:0
162099 193 rew:-220 mean_rew:-48.38 fps:66, eps:0.02, loss:0.9989 catastrophes:2
162859 194 rew:-321 mean_rew:-53.35 fps:67, eps:0.02, loss:2.0922 catastrophes:3
163760 195 rew:-119 mean_rew:-60.85 fps:67, eps:0.02, loss:4.5115 catastrophes:1
164747 196 rew:-120 mean_rew:-63.30 fps:68, eps:0.02, loss:4.9415 catastrophes:1
165612 197 rew:-320 mean_rew:-63.30 fps:68, eps:0.02, loss:3.7311 catastrophes:3
166432 198 rew:-221 mean_rew:-70.78 fps:67, eps:0.02, loss:8.1750 catastrophes:2
167192 199 rew:-221 mean_rew:-75.78 fps:66, eps:0.02, loss:8.9242 catastrophes:2
167954 200 rew:-121 mean_rew:-75.80 fps:67, eps:0.02, loss:4.5941 catastrophes:1
168804 201 rew:-21 mean_rew:-75.80 fps:70, eps:0.02, loss:7.7092 catastrophes:0
169565 202 rew:-121 mean_rew:-75.80 fps:63, eps:0.02, loss:4.6826 catastrophes:1
170387 203 rew:-21 mean_rew:-78.30 fps:68, eps:0.02, loss:4.3415 catastrophes:0
171146 204 rew:-321 mean_rew:-78.30 fps:67, eps:0.02, loss:7.9807 catastrophes:3
171966 205 rew:-221 mean_rew:-83.33 fps:66, eps:0.02, loss:8.0785 catastrophes:2
172728 206 rew:-21 mean_rew:-85.83 fps:66, eps:0.02, loss:8.4159 catastrophes:0
173488 207 rew:-221 mean_rew:-80.83 fps:67, eps:0.02, loss:7.7252 catastrophes:2
174249 208 rew:-121 mean_rew:-85.83 fps:68, eps:0.02, loss:8.4996 catastrophes:1
175011 209 rew:-21 mean_rew:-88.33 fps:67, eps:0.02, loss:6.9827 catastrophes:0
175773 210 rew:-21 mean_rew:-88.33 fps:68, eps:0.02, loss:6.5148 catastrophes:0
176535 211 rew:-21 mean_rew:-88.33 fps:70, eps:0.02, loss:6.3699 catastrophes:0
177296 212 rew:-121 mean_rew:-88.33 fps:66, eps:0.02, loss:5.7146 catastrophes:1
178057 213 rew:-121 mean_rew:-90.83 fps:70, eps:0.02, loss:7.2257 catastrophes:1
178819 214 rew:-21 mean_rew:-93.33 fps:70, eps:0.02, loss:6.3537 catastrophes:0
179581 215 rew:-21 mean_rew:-90.83 fps:67, eps:0.02, loss:4.6548 catastrophes:0
180343 216 rew:-21 mean_rew:-88.33 fps:67, eps:0.02, loss:5.5426 catastrophes:0
181133 217 rew:-21 mean_rew:-88.33 fps:67, eps:0.02, loss:4.0689 catastrophes:0
181955 218 rew:-21 mean_rew:-88.33 fps:67, eps:0.02, loss:4.3628 catastrophes:0
182717 219 rew:-21 mean_rew:-88.33 fps:66, eps:0.02, loss:3.2457 catastrophes:0
183479 220 rew:-21 mean_rew:-88.33 fps:67, eps:0.02, loss:2.6985 catastrophes:0
184241 221 rew:-21 mean_rew:-88.33 fps:69, eps:0.02, loss:3.1143 catastrophes:0
185091 222 rew:-21 mean_rew:-88.33 fps:66, eps:0.02, loss:2.4506 catastrophes:0
185853 223 rew:-21 mean_rew:-88.33 fps:67, eps:0.02, loss:1.8456 catastrophes:0
186615 224 rew:-21 mean_rew:-88.35 fps:65, eps:0.02, loss:1.8893 catastrophes:0
187376 225 rew:-121 mean_rew:-88.35 fps:67, eps:0.02, loss:1.3741 catastrophes:1
188137 226 rew:-221 mean_rew:-90.85 fps:68, eps:0.02, loss:4.6006 catastrophes:2
188898 227 rew:-121 mean_rew:-95.85 fps:67, eps:0.02, loss:2.8752 catastrophes:1
189660 228 rew:-21 mean_rew:-98.35 fps:67, eps:0.02, loss:3.6490 catastrophes:0
190422 229 rew:-21 mean_rew:-98.35 fps:67, eps:0.02, loss:2.1958 catastrophes:0
191383 230 rew:-1819 mean_rew:-98.35 fps:66, eps:0.02, loss:8.4225 catastrophes:18
192145 231 rew:-21 mean_rew:-140.82 fps:66, eps:0.02, loss:13.9686 catastrophes:0
192907 232 rew:-121 mean_rew:-140.82 fps:68, eps:0.02, loss:6.3622 catastrophes:1
193669 233 rew:-21 mean_rew:-143.32 fps:69, eps:0.02, loss:5.7494 catastrophes:0
194458 234 rew:-121 mean_rew:-138.35 fps:68, eps:0.02, loss:4.1844 catastrophes:1
195376 235 rew:-120 mean_rew:-133.35 fps:66, eps:0.02, loss:5.9452 catastrophes:1
196216 236 rew:-20 mean_rew:-133.38 fps:66, eps:0.02, loss:5.6735 catastrophes:0
196978 237 rew:-21 mean_rew:-130.88 fps:70, eps:0.02, loss:3.6286 catastrophes:0
197768 238 rew:-21 mean_rew:-123.40 fps:68, eps:0.02, loss:4.1131 catastrophes:0
198530 239 rew:-21 mean_rew:-118.40 fps:68, eps:0.02, loss:3.1257 catastrophes:0
199292 240 rew:-21 mean_rew:-113.40 fps:67, eps:0.02, loss:3.1250 catastrophes:0
200131 241 rew:-120 mean_rew:-110.90 fps:67, eps:0.02, loss:3.3133 catastrophes:1
200893 242 rew:-21 mean_rew:-113.38 fps:66, eps:0.02, loss:2.2864 catastrophes:0
201654 243 rew:-121 mean_rew:-110.88 fps:68, eps:0.02, loss:2.9410 catastrophes:1
202416 244 rew:-21 mean_rew:-113.38 fps:68, eps:0.02, loss:2.4627 catastrophes:0
203284 245 rew:-120 mean_rew:-105.88 fps:67, eps:0.02, loss:2.6193 catastrophes:1
204074 246 rew:-21 mean_rew:-103.35 fps:67, eps:0.02, loss:2.4404 catastrophes:0
204836 247 rew:-21 mean_rew:-103.35 fps:68, eps:0.02, loss:1.6844 catastrophes:0
205598 248 rew:-21 mean_rew:-98.35 fps:66, eps:0.02, loss:1.0926 catastrophes:0
206388 249 rew:-21 mean_rew:-95.85 fps:67, eps:0.02, loss:1.0193 catastrophes:0
207150 250 rew:-21 mean_rew:-95.85 fps:71, eps:0.02, loss:0.5543 catastrophes:0
207912 251 rew:-21 mean_rew:-95.85 fps:68, eps:0.02, loss:0.7495 catastrophes:0
208674 252 rew:-21 mean_rew:-95.85 fps:68, eps:0.02, loss:0.8184 catastrophes:0
209631 253 rew:-220 mean_rew:-93.35 fps:66, eps:0.02, loss:2.2227 catastrophes:2
210393 254 rew:-21 mean_rew:-95.83 fps:66, eps:0.02, loss:1.8301 catastrophes:0
211155 255 rew:-21 mean_rew:-95.83 fps:67, eps:0.02, loss:2.1806 catastrophes:0
211917 256 rew:-21 mean_rew:-95.83 fps:71, eps:0.02, loss:1.9172 catastrophes:0
212801 257 rew:-121 mean_rew:-95.83 fps:68, eps:0.02, loss:2.3625 catastrophes:1
213668 258 rew:-119 mean_rew:-98.33 fps:66, eps:0.02, loss:1.4158 catastrophes:1
214509 259 rew:-21 mean_rew:-100.78 fps:66, eps:0.02, loss:1.8528 catastrophes:0
215437 260 rew:-220 mean_rew:-100.78 fps:66, eps:0.02, loss:3.6182 catastrophes:2
216227 261 rew:-21 mean_rew:-105.75 fps:67, eps:0.02, loss:1.7835 catastrophes:0
217067 262 rew:-20 mean_rew:-105.75 fps:67, eps:0.02, loss:1.9058 catastrophes:0
217949 263 rew:-21 mean_rew:-105.72 fps:71, eps:0.02, loss:1.2494 catastrophes:0
218737 264 rew:-221 mean_rew:-105.72 fps:67, eps:0.02, loss:2.1529 catastrophes:2
219498 265 rew:-121 mean_rew:-110.72 fps:66, eps:0.02, loss:3.2670 catastrophes:1
220348 266 rew:-21 mean_rew:-110.72 fps:66, eps:0.02, loss:2.3123 catastrophes:0
221333 267 rew:-819 mean_rew:-105.72 fps:67, eps:0.02, loss:6.3367 catastrophes:8
222200 268 rew:-321 mean_rew:-123.17 fps:68, eps:0.02, loss:9.6852 catastrophes:3
222989 269 rew:-121 mean_rew:-130.68 fps:67, eps:0.02, loss:8.0566 catastrophes:1
223751 270 rew:-21 mean_rew:-133.18 fps:70, eps:0.02, loss:7.4721 catastrophes:0
224602 271 rew:-121 mean_rew:-88.22 fps:66, eps:0.02, loss:5.7069 catastrophes:1
225424 272 rew:-21 mean_rew:-90.72 fps:71, eps:0.02, loss:6.1240 catastrophes:0
226186 273 rew:-21 mean_rew:-88.22 fps:68, eps:0.02, loss:4.8723 catastrophes:0
227008 274 rew:-21 mean_rew:-88.22 fps:68, eps:0.02, loss:5.8685 catastrophes:0
227769 275 rew:-121 mean_rew:-85.72 fps:67, eps:0.02, loss:4.8594 catastrophes:1
228591 276 rew:-21 mean_rew:-85.75 fps:66, eps:0.02, loss:4.6307 catastrophes:0
229353 277 rew:-121 mean_rew:-85.78 fps:67, eps:0.02, loss:4.8798 catastrophes:1
230114 278 rew:-121 mean_rew:-88.28 fps:66, eps:0.02, loss:6.4669 catastrophes:1
230893 279 rew:-121 mean_rew:-90.78 fps:67, eps:0.02, loss:3.6406 catastrophes:1
231715 280 rew:-21 mean_rew:-93.28 fps:68, eps:0.02, loss:5.8397 catastrophes:0
232532 281 rew:-121 mean_rew:-93.28 fps:67, eps:0.02, loss:5.3045 catastrophes:1
233379 282 rew:-221 mean_rew:-93.30 fps:67, eps:0.02, loss:6.5750 catastrophes:2
234339 283 rew:-20 mean_rew:-98.30 fps:66, eps:0.02, loss:6.5909 catastrophes:0
235175 284 rew:-220 mean_rew:-95.78 fps:68, eps:0.02, loss:4.8503 catastrophes:2
235937 285 rew:-21 mean_rew:-100.75 fps:70, eps:0.02, loss:5.9149 catastrophes:0
236847 286 rew:-21 mean_rew:-98.28 fps:67, eps:0.02, loss:4.1313 catastrophes:0
237686 287 rew:-321 mean_rew:-98.28 fps:66, eps:0.02, loss:5.8213 catastrophes:3
238623 288 rew:-121 mean_rew:-105.78 fps:67, eps:0.02, loss:7.6468 catastrophes:1
239523 289 rew:-20 mean_rew:-108.28 fps:66, eps:0.02, loss:6.8574 catastrophes:0
240391 290 rew:-20 mean_rew:-108.25 fps:67, eps:0.02, loss:4.6752 catastrophes:0
241230 291 rew:-120 mean_rew:-108.22 fps:68, eps:0.02, loss:4.7640 catastrophes:1
242018 292 rew:-221 mean_rew:-110.70 fps:66, eps:0.02, loss:5.6687 catastrophes:2
243025 293 rew:-19 mean_rew:-115.70 fps:67, eps:0.02, loss:5.9007 catastrophes:0
243787 294 rew:-21 mean_rew:-110.67 fps:66, eps:0.02, loss:4.2884 catastrophes:0
244609 295 rew:-21 mean_rew:-110.67 fps:68, eps:0.02, loss:4.2572 catastrophes:0
245693 296 rew:-19 mean_rew:-110.67 fps:67, eps:0.02, loss:4.1578 catastrophes:0
246628 297 rew:-19 mean_rew:-110.62 fps:70, eps:0.02, loss:3.5692 catastrophes:0
247445 298 rew:-121 mean_rew:-108.08 fps:67, eps:0.02, loss:3.5311 catastrophes:1
248203 299 rew:-421 mean_rew:-108.12 fps:66, eps:0.02, loss:6.9687 catastrophes:4
249361 300 rew:-1016 mean_rew:-118.12 fps:69, eps:0.02, loss:7.6493 catastrophes:10
250356 301 rew:-19 mean_rew:-138.03 fps:69, eps:0.02, loss:16.6871 catastrophes:0
251224 302 rew:-20 mean_rew:-137.97 fps:67, eps:0.02, loss:11.4127 catastrophes:0
251985 303 rew:-121 mean_rew:-137.97 fps:67, eps:0.02, loss:7.1759 catastrophes:1
252747 304 rew:-21 mean_rew:-140.47 fps:67, eps:0.02, loss:6.5533 catastrophes:0
253509 305 rew:-21 mean_rew:-135.47 fps:66, eps:0.02, loss:7.3839 catastrophes:0
254271 306 rew:-21 mean_rew:-132.97 fps:68, eps:0.02, loss:5.8586 catastrophes:0
255033 307 rew:-21 mean_rew:-132.97 fps:67, eps:0.02, loss:5.1035 catastrophes:0
255795 308 rew:-121 mean_rew:-113.03 fps:68, eps:0.02, loss:5.3872 catastrophes:1
256557 309 rew:-21 mean_rew:-108.03 fps:70, eps:0.02, loss:3.3174 catastrophes:0
257442 310 rew:-120 mean_rew:-105.53 fps:68, eps:0.02, loss:4.5849 catastrophes:1
258204 311 rew:-21 mean_rew:-108.00 fps:68, eps:0.02, loss:4.2736 catastrophes:0
258966 312 rew:-21 mean_rew:-105.50 fps:67, eps:0.02, loss:4.2669 catastrophes:0
259756 313 rew:-121 mean_rew:-105.50 fps:68, eps:0.02, loss:5.1195 catastrophes:1
260518 314 rew:-21 mean_rew:-108.00 fps:68, eps:0.02, loss:3.7963 catastrophes:0
261416 315 rew:-220 mean_rew:-108.00 fps:67, eps:0.02, loss:4.4539 catastrophes:2
262178 316 rew:-21 mean_rew:-110.47 fps:70, eps:0.02, loss:4.4304 catastrophes:0
262940 317 rew:-21 mean_rew:-110.47 fps:68, eps:0.02, loss:4.2480 catastrophes:0
263702 318 rew:-21 mean_rew:-107.97 fps:68, eps:0.02, loss:3.1300 catastrophes:0
264464 319 rew:-21 mean_rew:-105.47 fps:68, eps:0.02, loss:3.4096 catastrophes:0
265226 320 rew:-21 mean_rew:-102.97 fps:71, eps:0.02, loss:2.0153 catastrophes:0
265988 321 rew:-21 mean_rew:-102.97 fps:67, eps:0.02, loss:1.6386 catastrophes:0
266750 322 rew:-21 mean_rew:-100.47 fps:68, eps:0.02, loss:1.5978 catastrophes:0
267539 323 rew:-121 mean_rew:-95.47 fps:68, eps:0.02, loss:1.2433 catastrophes:1
268301 324 rew:-21 mean_rew:-98.00 fps:68, eps:0.02, loss:2.2379 catastrophes:0
269063 325 rew:-21 mean_rew:-93.03 fps:69, eps:0.02, loss:1.2420 catastrophes:0
269825 326 rew:-21 mean_rew:-93.03 fps:71, eps:0.02, loss:0.5090 catastrophes:0
270583 327 rew:-421 mean_rew:-93.03 fps:68, eps:0.02, loss:4.1817 catastrophes:4
271345 328 rew:-21 mean_rew:-95.53 fps:70, eps:0.02, loss:4.8186 catastrophes:0
272186 329 rew:-21 mean_rew:-93.03 fps:69, eps:0.02, loss:3.4302 catastrophes:0
272976 330 rew:-21 mean_rew:-93.05 fps:69, eps:0.02, loss:3.1285 catastrophes:0
273737 331 rew:-121 mean_rew:-93.08 fps:68, eps:0.02, loss:2.2866 catastrophes:1
274527 332 rew:-21 mean_rew:-93.10 fps:67, eps:0.02, loss:2.7939 catastrophes:0
275289 333 rew:-21 mean_rew:-88.10 fps:67, eps:0.02, loss:2.0638 catastrophes:0
276091 334 rew:-21 mean_rew:-88.15 fps:67, eps:0.02, loss:3.5500 catastrophes:0
276853 335 rew:-21 mean_rew:-88.15 fps:67, eps:0.02, loss:2.8529 catastrophes:0
277615 336 rew:-21 mean_rew:-88.15 fps:68, eps:0.02, loss:2.3708 catastrophes:0
278376 337 rew:-221 mean_rew:-88.20 fps:67, eps:0.02, loss:2.9399 catastrophes:2
279138 338 rew:-21 mean_rew:-93.25 fps:68, eps:0.02, loss:3.3249 catastrophes:0
279898 339 rew:-221 mean_rew:-90.75 fps:71, eps:0.02, loss:5.1445 catastrophes:2
280659 340 rew:-121 mean_rew:-85.75 fps:67, eps:0.02, loss:4.5157 catastrophes:1
281421 341 rew:-21 mean_rew:-63.38 fps:67, eps:0.02, loss:5.3247 catastrophes:0
282183 342 rew:-21 mean_rew:-63.42 fps:67, eps:0.02, loss:4.0419 catastrophes:0
282945 343 rew:-21 mean_rew:-63.45 fps:71, eps:0.02, loss:3.9673 catastrophes:0
283707 344 rew:-21 mean_rew:-60.95 fps:68, eps:0.02, loss:3.5411 catastrophes:0
284469 345 rew:-21 mean_rew:-60.95 fps:68, eps:0.02, loss:2.3958 catastrophes:0
285230 346 rew:-121 mean_rew:-60.95 fps:68, eps:0.02, loss:1.6898 catastrophes:1
285992 347 rew:-21 mean_rew:-63.45 fps:68, eps:0.02, loss:1.9667 catastrophes:0
286861 348 rew:-221 mean_rew:-63.45 fps:67, eps:0.02, loss:3.0249 catastrophes:2
287623 349 rew:-21 mean_rew:-65.95 fps:69, eps:0.02, loss:3.8951 catastrophes:0
288385 350 rew:-21 mean_rew:-65.95 fps:70, eps:0.02, loss:1.8414 catastrophes:0
289144 351 rew:-321 mean_rew:-63.48 fps:68, eps:0.02, loss:2.3182 catastrophes:3
289902 352 rew:-420 mean_rew:-70.97 fps:68, eps:0.02, loss:7.8334 catastrophes:4
290663 353 rew:-121 mean_rew:-80.95 fps:70, eps:0.02, loss:7.0210 catastrophes:1
291425 354 rew:-21 mean_rew:-80.95 fps:67, eps:0.02, loss:8.7269 catastrophes:0
292214 355 rew:-121 mean_rew:-80.95 fps:71, eps:0.02, loss:8.3358 catastrophes:1
292976 356 rew:-21 mean_rew:-78.47 fps:68, eps:0.02, loss:6.7806 catastrophes:0
293737 357 rew:-121 mean_rew:-78.47 fps:68, eps:0.02, loss:5.8403 catastrophes:1
294498 358 rew:-121 mean_rew:-80.97 fps:67, eps:0.02, loss:5.7152 catastrophes:1
295260 359 rew:-21 mean_rew:-83.47 fps:67, eps:0.02, loss:5.0682 catastrophes:0
296022 360 rew:-21 mean_rew:-83.47 fps:67, eps:0.02, loss:3.7495 catastrophes:0
296783 361 rew:-121 mean_rew:-83.47 fps:69, eps:0.02, loss:4.5387 catastrophes:1
297544 362 rew:-121 mean_rew:-85.97 fps:71, eps:0.02, loss:3.1025 catastrophes:1
298394 363 rew:-121 mean_rew:-88.47 fps:71, eps:0.02, loss:3.8221 catastrophes:1
299184 364 rew:-21 mean_rew:-88.47 fps:67, eps:0.02, loss:4.5574 catastrophes:0
299946 365 rew:-21 mean_rew:-88.47 fps:67, eps:0.02, loss:2.7929 catastrophes:0
300708 366 rew:-21 mean_rew:-88.47 fps:66, eps:0.02, loss:2.2389 catastrophes:0
301470 367 rew:-21 mean_rew:-88.47 fps:68, eps:0.02, loss:3.2747 catastrophes:0
302232 368 rew:-121 mean_rew:-78.47 fps:68, eps:0.02, loss:2.2551 catastrophes:1
302994 369 rew:-21 mean_rew:-80.97 fps:68, eps:0.02, loss:3.0890 catastrophes:0
303756 370 rew:-21 mean_rew:-80.97 fps:67, eps:0.02, loss:3.1931 catastrophes:0
304516 371 rew:-321 mean_rew:-80.97 fps:67, eps:0.02, loss:3.8444 catastrophes:3
305276 372 rew:-221 mean_rew:-85.97 fps:70, eps:0.02, loss:4.1751 catastrophes:2
306038 373 rew:-21 mean_rew:-90.97 fps:68, eps:0.02, loss:4.7411 catastrophes:0
306800 374 rew:-21 mean_rew:-90.97 fps:68, eps:0.02, loss:4.8053 catastrophes:0
307562 375 rew:-21 mean_rew:-90.97 fps:68, eps:0.02, loss:5.0387 catastrophes:0
308323 376 rew:-121 mean_rew:-90.97 fps:68, eps:0.02, loss:4.0658 catastrophes:1
309085 377 rew:-21 mean_rew:-93.47 fps:67, eps:0.02, loss:4.6209 catastrophes:0
309846 378 rew:-221 mean_rew:-88.47 fps:68, eps:0.02, loss:5.2795 catastrophes:2
310608 379 rew:-21 mean_rew:-93.47 fps:67, eps:0.02, loss:4.1911 catastrophes:0
311370 380 rew:-21 mean_rew:-88.47 fps:69, eps:0.02, loss:3.3262 catastrophes:0
312132 381 rew:-21 mean_rew:-85.97 fps:69, eps:0.02, loss:3.5198 catastrophes:0
312893 382 rew:-121 mean_rew:-85.97 fps:68, eps:0.02, loss:3.4006 catastrophes:1
313655 383 rew:-121 mean_rew:-88.47 fps:68, eps:0.02, loss:2.2858 catastrophes:1
314417 384 rew:-21 mean_rew:-90.97 fps:70, eps:0.02, loss:3.0386 catastrophes:0
315178 385 rew:-221 mean_rew:-90.97 fps:68, eps:0.02, loss:2.6491 catastrophes:2
315940 386 rew:-21 mean_rew:-95.97 fps:68, eps:0.02, loss:3.9170 catastrophes:0
316702 387 rew:-21 mean_rew:-93.47 fps:68, eps:0.02, loss:3.3120 catastrophes:0
317464 388 rew:-121 mean_rew:-93.47 fps:69, eps:0.02, loss:4.1784 catastrophes:1
318225 389 rew:-121 mean_rew:-90.97 fps:70, eps:0.02, loss:6.4031 catastrophes:1
318987 390 rew:-21 mean_rew:-93.47 fps:67, eps:0.02, loss:4.5811 catastrophes:0
319747 391 rew:-221 mean_rew:-93.47 fps:67, eps:0.02, loss:5.8445 catastrophes:2
320507 392 rew:-321 mean_rew:-90.97 fps:69, eps:0.02, loss:6.7838 catastrophes:3
321269 393 rew:-21 mean_rew:-88.50 fps:68, eps:0.02, loss:6.8966 catastrophes:0
322031 394 rew:-121 mean_rew:-86.00 fps:69, eps:0.02, loss:6.8719 catastrophes:1
322792 395 rew:-121 mean_rew:-88.50 fps:68, eps:0.02, loss:6.3665 catastrophes:1
323554 396 rew:-21 mean_rew:-88.50 fps:70, eps:0.02, loss:7.8349 catastrophes:0
324315 397 rew:-121 mean_rew:-88.50 fps:67, eps:0.02, loss:6.3410 catastrophes:1
325123 398 rew:-3218 mean_rew:-88.50 fps:67, eps:0.02, loss:24.3734 catastrophes:32
325883 399 rew:-220 mean_rew:-165.93 fps:71, eps:0.02, loss:18.8543 catastrophes:2
326644 400 rew:-121 mean_rew:-170.90 fps:68, eps:0.02, loss:17.3687 catastrophes:1
/home/jaiv/miniconda3/envs/hirl/lib/python3.8/site-packages/ale_py/env/gym.py:83: UserWarning: [33mWARN: obs_type "image" should be replaced with the image type, one of: rgb, grayscale[0m
  logger.warn(
/home/jaiv/miniconda3/envs/hirl/lib/python3.8/site-packages/gym/utils/passive_env_checker.py:233: DeprecationWarning: `np.bool8` is a deprecated alias for `np.bool_`.  (Deprecated NumPy 1.24)
  if not isinstance(terminated, (bool, np.bool8)):
/home/jaiv/miniconda3/envs/hirl/lib/python3.8/site-packages/numpy/core/fromnumeric.py:3464: RuntimeWarning: Mean of empty slice.
  return _methods._mean(a, axis=axis, dtype=dtype,
/home/jaiv/miniconda3/envs/hirl/lib/python3.8/site-packages/numpy/core/_methods.py:192: RuntimeWarning: invalid value encountered in scalar divide
  ret = ret.dtype.type(ret / rcount)
327406 401 rew:-121 mean_rew:-173.40 fps:68, eps:0.02, loss:14.4685 catastrophes:1
328168 402 rew:-21 mean_rew:-173.40 fps:68, eps:0.02, loss:12.7167 catastrophes:0
328930 403 rew:-21 mean_rew:-170.90 fps:68, eps:0.02, loss:13.1346 catastrophes:0
329690 404 rew:-121 mean_rew:-168.40 fps:67, eps:0.02, loss:12.7963 catastrophes:1
330452 405 rew:-21 mean_rew:-170.90 fps:69, eps:0.02, loss:9.2311 catastrophes:0
331214 406 rew:-21 mean_rew:-170.90 fps:68, eps:0.02, loss:9.9946 catastrophes:0
331976 407 rew:-21 mean_rew:-170.90 fps:69, eps:0.02, loss:10.2219 catastrophes:0
332737 408 rew:-121 mean_rew:-170.90 fps:68, eps:0.02, loss:6.9312 catastrophes:1
333498 409 rew:-121 mean_rew:-170.90 fps:70, eps:0.02, loss:9.1083 catastrophes:1
334260 410 rew:-21 mean_rew:-173.40 fps:67, eps:0.02, loss:9.2914 catastrophes:0
335022 411 rew:-21 mean_rew:-173.40 fps:68, eps:0.02, loss:6.8925 catastrophes:0
335784 412 rew:-21 mean_rew:-165.90 fps:69, eps:0.02, loss:7.4234 catastrophes:0
336546 413 rew:-21 mean_rew:-160.90 fps:67, eps:0.02, loss:6.0104 catastrophes:0
337307 414 rew:-121 mean_rew:-160.90 fps:69, eps:0.02, loss:8.6731 catastrophes:1
338069 415 rew:-21 mean_rew:-163.40 fps:69, eps:0.02, loss:4.8307 catastrophes:0
338830 416 rew:-121 mean_rew:-163.40 fps:67, eps:0.02, loss:8.0445 catastrophes:1
339592 417 rew:-21 mean_rew:-163.40 fps:68, eps:0.02, loss:7.6408 catastrophes:0
340354 418 rew:-121 mean_rew:-163.40 fps:68, eps:0.02, loss:3.6414 catastrophes:1
341115 419 rew:-121 mean_rew:-160.90 fps:71, eps:0.02, loss:5.1185 catastrophes:1
341877 420 rew:-21 mean_rew:-163.40 fps:68, eps:0.02, loss:5.1978 catastrophes:0
342638 421 rew:-121 mean_rew:-163.40 fps:67, eps:0.02, loss:2.9304 catastrophes:1
343400 422 rew:-21 mean_rew:-165.90 fps:67, eps:0.02, loss:4.7159 catastrophes:0
344162 423 rew:-21 mean_rew:-163.40 fps:67, eps:0.02, loss:3.3447 catastrophes:0
344922 424 rew:-221 mean_rew:-160.90 fps:68, eps:0.02, loss:3.1763 catastrophes:2
345683 425 rew:-121 mean_rew:-165.90 fps:68, eps:0.02, loss:6.2527 catastrophes:1
346445 426 rew:-21 mean_rew:-163.40 fps:68, eps:0.02, loss:5.9925 catastrophes:0
347206 427 rew:-121 mean_rew:-163.40 fps:66, eps:0.02, loss:7.1652 catastrophes:1
347967 428 rew:-121 mean_rew:-165.90 fps:67, eps:0.02, loss:4.4740 catastrophes:1
348729 429 rew:-21 mean_rew:-165.90 fps:67, eps:0.02, loss:3.7717 catastrophes:0
349491 430 rew:-21 mean_rew:-163.40 fps:68, eps:0.02, loss:3.6608 catastrophes:0
350252 431 rew:-121 mean_rew:-163.40 fps:68, eps:0.02, loss:5.1009 catastrophes:1
351013 432 rew:-121 mean_rew:-160.90 fps:68, eps:0.02, loss:5.7716 catastrophes:1
351775 433 rew:-21 mean_rew:-155.90 fps:70, eps:0.02, loss:6.2041 catastrophes:0
352537 434 rew:-21 mean_rew:-155.90 fps:67, eps:0.02, loss:4.2119 catastrophes:0
353297 435 rew:-221 mean_rew:-153.40 fps:66, eps:0.02, loss:5.3588 catastrophes:2
354059 436 rew:-21 mean_rew:-155.90 fps:69, eps:0.02, loss:6.3417 catastrophes:0
354820 437 rew:-121 mean_rew:-155.90 fps:69, eps:0.02, loss:5.2487 catastrophes:1
355582 438 rew:-21 mean_rew:-155.90 fps:68, eps:0.02, loss:3.9222 catastrophes:0
356430 439 rew:-920 mean_rew:-75.97 fps:68, eps:0.02, loss:9.6715 catastrophes:9
357191 440 rew:-221 mean_rew:-93.47 fps:68, eps:0.02, loss:12.1895 catastrophes:2
357953 441 rew:-21 mean_rew:-95.97 fps:67, eps:0.02, loss:10.0059 catastrophes:0
358715 442 rew:-21 mean_rew:-93.47 fps:68, eps:0.02, loss:9.8968 catastrophes:0
359477 443 rew:-21 mean_rew:-93.47 fps:69, eps:0.02, loss:6.8784 catastrophes:0
360239 444 rew:-21 mean_rew:-93.47 fps:69, eps:0.02, loss:6.1772 catastrophes:0
361001 445 rew:-21 mean_rew:-90.97 fps:68, eps:0.02, loss:5.2535 catastrophes:0
361762 446 rew:-121 mean_rew:-90.97 fps:68, eps:0.02, loss:5.3706 catastrophes:1
362524 447 rew:-21 mean_rew:-93.47 fps:70, eps:0.02, loss:6.1039 catastrophes:0
363285 448 rew:-121 mean_rew:-93.47 fps:67, eps:0.02, loss:4.3287 catastrophes:1
364047 449 rew:-21 mean_rew:-93.47 fps:68, eps:0.02, loss:5.3901 catastrophes:0
364809 450 rew:-21 mean_rew:-90.97 fps:71, eps:0.02, loss:3.0494 catastrophes:0
365570 451 rew:-121 mean_rew:-90.97 fps:68, eps:0.02, loss:4.8466 catastrophes:1
366332 452 rew:-21 mean_rew:-93.47 fps:68, eps:0.02, loss:4.0109 catastrophes:0
367094 453 rew:-121 mean_rew:-93.47 fps:70, eps:0.02, loss:3.4795 catastrophes:1
367853 454 rew:-321 mean_rew:-95.97 fps:67, eps:0.02, loss:7.8097 catastrophes:3
368614 455 rew:-121 mean_rew:-100.97 fps:67, eps:0.02, loss:5.2870 catastrophes:1
369376 456 rew:-21 mean_rew:-103.47 fps:68, eps:0.02, loss:5.3196 catastrophes:0
370138 457 rew:-21 mean_rew:-100.97 fps:68, eps:0.02, loss:5.6243 catastrophes:0
370898 458 rew:-221 mean_rew:-100.97 fps:68, eps:0.02, loss:5.1283 catastrophes:2
371660 459 rew:-21 mean_rew:-103.47 fps:70, eps:0.02, loss:4.1985 catastrophes:0
372421 460 rew:-121 mean_rew:-100.97 fps:68, eps:0.02, loss:3.7087 catastrophes:1
373183 461 rew:-21 mean_rew:-103.47 fps:71, eps:0.02, loss:5.1112 catastrophes:0
373945 462 rew:-21 mean_rew:-100.97 fps:69, eps:0.02, loss:4.0306 catastrophes:0
374707 463 rew:-21 mean_rew:-100.97 fps:68, eps:0.02, loss:4.1789 catastrophes:0
375468 464 rew:-121 mean_rew:-100.97 fps:67, eps:0.02, loss:5.8510 catastrophes:1
376230 465 rew:-21 mean_rew:-98.47 fps:69, eps:0.02, loss:4.8131 catastrophes:0
376992 466 rew:-21 mean_rew:-95.97 fps:70, eps:0.02, loss:3.3165 catastrophes:0
377754 467 rew:-21 mean_rew:-95.97 fps:69, eps:0.02, loss:3.8216 catastrophes:0
378516 468 rew:-21 mean_rew:-93.47 fps:68, eps:0.02, loss:2.7579 catastrophes:0
379275 469 rew:-321 mean_rew:-90.97 fps:69, eps:0.02, loss:1.9200 catastrophes:3
380037 470 rew:-21 mean_rew:-98.47 fps:70, eps:0.02, loss:3.9539 catastrophes:0
380798 471 rew:-121 mean_rew:-98.47 fps:67, eps:0.02, loss:3.8306 catastrophes:1
381559 472 rew:-121 mean_rew:-98.47 fps:68, eps:0.02, loss:3.2803 catastrophes:1
382321 473 rew:-21 mean_rew:-98.47 fps:69, eps:0.02, loss:2.4396 catastrophes:0
383083 474 rew:-21 mean_rew:-98.47 fps:68, eps:0.02, loss:2.7852 catastrophes:0
383844 475 rew:-121 mean_rew:-98.47 fps:68, eps:0.02, loss:4.5569 catastrophes:1
384604 476 rew:-221 mean_rew:-95.97 fps:71, eps:0.02, loss:5.0364 catastrophes:2
385366 477 rew:-21 mean_rew:-100.97 fps:64, eps:0.02, loss:4.9370 catastrophes:0
386128 478 rew:-121 mean_rew:-98.47 fps:66, eps:0.02, loss:3.8253 catastrophes:1
386890 479 rew:-121 mean_rew:-100.97 fps:68, eps:0.02, loss:3.3439 catastrophes:1
387652 480 rew:-21 mean_rew:-81.00 fps:69, eps:0.02, loss:2.9266 catastrophes:0
388413 481 rew:-121 mean_rew:-76.00 fps:68, eps:0.02, loss:2.7859 catastrophes:1
389174 482 rew:-121 mean_rew:-78.50 fps:68, eps:0.02, loss:2.2471 catastrophes:1
389936 483 rew:-21 mean_rew:-81.00 fps:67, eps:0.02, loss:3.9146 catastrophes:0
390725 484 rew:-121 mean_rew:-81.00 fps:67, eps:0.02, loss:7.2486 catastrophes:1
391487 485 rew:-21 mean_rew:-83.50 fps:68, eps:0.02, loss:3.5784 catastrophes:0
392248 486 rew:-121 mean_rew:-83.50 fps:71, eps:0.02, loss:4.5083 catastrophes:1
393009 487 rew:-121 mean_rew:-83.50 fps:69, eps:0.02, loss:4.2763 catastrophes:1
393770 488 rew:-121 mean_rew:-86.00 fps:71, eps:0.02, loss:1.8436 catastrophes:1
394532 489 rew:-21 mean_rew:-86.00 fps:67, eps:0.02, loss:3.8300 catastrophes:0
395294 490 rew:-21 mean_rew:-86.00 fps:68, eps:0.02, loss:3.6288 catastrophes:0
396055 491 rew:-121 mean_rew:-86.00 fps:67, eps:0.02, loss:5.4823 catastrophes:1
396816 492 rew:-121 mean_rew:-86.00 fps:69, eps:0.02, loss:3.5742 catastrophes:1
397578 493 rew:-21 mean_rew:-88.50 fps:69, eps:0.02, loss:3.3371 catastrophes:0
398340 494 rew:-21 mean_rew:-86.00 fps:71, eps:0.02, loss:3.4278 catastrophes:0
399102 495 rew:-21 mean_rew:-78.50 fps:68, eps:0.02, loss:1.9722 catastrophes:0
399863 496 rew:-121 mean_rew:-76.00 fps:68, eps:0.02, loss:2.5790 catastrophes:1
400624 497 rew:-121 mean_rew:-78.50 fps:67, eps:0.02, loss:5.2933 catastrophes:1
401386 498 rew:-21 mean_rew:-81.00 fps:70, eps:0.02, loss:4.9608 catastrophes:0
402268 499 rew:-21 mean_rew:-76.00 fps:69, eps:0.02, loss:2.8376 catastrophes:0
wandb: Waiting for W&B process to finish... (failed 1). Press Control-C to abort syncing.
wandb: - 0.007 MB of 0.007 MB uploaded (0.000 MB deduped)wandb: \ 0.007 MB of 0.056 MB uploaded (0.000 MB deduped)wandb: | 0.008 MB of 0.056 MB uploaded (0.000 MB deduped)wandb: 
wandb: Run history:
wandb:         epsilon █▇▆▆▅▄▃▂▂▁▁▁▁▁▁▁▁▁▁▁▁▁▁▁▁▁▁▁▁▁▁▁▁▁▁▁▁▁▁▁
wandb:            loss  █▄▃▃▂▂▁▁▁▁▁▁▁▁▁▁▁▁▁▁▁▁▁▁▁▁▁▁▁▁▁▁▁▁▁▁▁▁▁
wandb:     mean_reward ▃▁▃▃▄▄▆▆▇▇██████████████████████████████
wandb: num_catastrophe █▆▆▆▃▃▃▂▂▁▁▁▁▁▁▁▁▁▁▁▁▂▁▁▁▁▁▁▁▂▁▁▁▁▁▁▁▁▁▁
wandb:       num_games ▁▁▁▂▂▂▂▂▂▃▃▃▃▃▄▄▄▄▄▄▅▅▅▅▅▅▆▆▆▆▆▇▇▇▇▇▇███
wandb:          reward ▁▃▃▃▆▆▆▇▇████████████▇███████▇██████████
wandb: 
wandb: Run summary:
wandb:         epsilon 0.01999
wandb:            loss 2.8376
wandb:     mean_reward -76.0
wandb: num_catastrophe 0
wandb:       num_games 499
wandb:          reward -21.0
wandb: 
wandb: 🚀 View run BLOCKER_HA_LOSS at: https://wandb.ai/jaivdoshi/modified_hirl/runs/9mhhqqki
wandb: ️⚡ View job at https://wandb.ai/jaivdoshi/modified_hirl/jobs/QXJ0aWZhY3RDb2xsZWN0aW9uOjExNTk2NTExNg==/version_details/v0
wandb: Synced 6 W&B file(s), 0 media file(s), 0 artifact file(s) and 0 other file(s)
wandb: Find logs at: ./wandb/run-20231115_110256-9mhhqqki/logs
Traceback (most recent call last):
  File "/home/jaiv/modified_dqn_pong/main.py", line 98, in <module>
    torch.save(agent.agent_control.moving_nn.state_dict(), savename)
  File "/home/jaiv/miniconda3/envs/hirl/lib/python3.8/site-packages/torch/serialization.py", line 369, in save
    with _open_file_like(f, 'wb') as opened_file:
  File "/home/jaiv/miniconda3/envs/hirl/lib/python3.8/site-packages/torch/serialization.py", line 230, in _open_file_like
    return _open_file(name_or_buffer, mode)
  File "/home/jaiv/miniconda3/envs/hirl/lib/python3.8/site-packages/torch/serialization.py", line 211, in __init__
    super(_open_file, self).__init__(open(name, mode))
FileNotFoundError: [Errno 2] No such file or directory: './checkpoints/{EXPERIMENT_NAME}/dqn_500.pth'
srun: error: ink-lucy: task 0: Exited with exit code 1
